Build started 13.6.2014 14:08:42.
     1>Project "C:\Users\AhmetPC\Desktop\Gösterilecek Uygulamalar\OpenCV_Aktarim\OpenCV\OpenCV.vcxproj" on node 2 (build target(s)).
     1>InitializeBuildStatus:
         Creating "x64\Debug\OpenCV.unsuccessfulbuild" because "AlwaysCreate" was specified.
       ClCompile:
         C:\Program Files (x86)\Microsoft Visual Studio 10.0\VC\bin\x86_amd64\CL.exe /c /IC:\opencv\build\include /IC:\Opencv_VisualStudio\build\include /Zi /nologo /W3 /WX- /Od /D _MBCS /Gm /EHsc /RTC1 /MDd /GS /fp:precise /Zc:wchar_t /Zc:forScope /Fo"x64\Debug\\" /Fd"x64\Debug\vc100.pdb" /Gd /TP /errorReport:prompt main.cpp
         main.cpp
     1>main.cpp(53): warning C4996: 'getch': The POSIX name for this item is deprecated. Instead, use the ISO C++ conformant name: _getch. See online help for details.
                 C:\Program Files (x86)\Microsoft Visual Studio 10.0\VC\include\conio.h(128) : see declaration of 'getch'
       Link:
         C:\Program Files (x86)\Microsoft Visual Studio 10.0\VC\bin\x86_amd64\link.exe /ERRORREPORT:PROMPT /OUT:"C:\Users\AhmetPC\Desktop\Gösterilecek Uygulamalar\OpenCV_Aktarim\x64\Debug\OpenCV.exe" /NOLOGO /LIBPATH:C:\opencv\build\x64\vc10\lib /LIBPATH:C:\Opencv_VisualStudio\build\x64\vc10\lib opencv_calib3d249d.lib opencv_contrib249d.lib opencv_core249d.lib opencv_features2d249d.lib opencv_flann249d.lib opencv_gpu249d.lib opencv_highgui249d.lib opencv_imgproc249d.lib opencv_legacy249d.lib opencv_ml249d.lib opencv_nonfree249d.lib opencv_objdetect249d.lib opencv_photo249d.lib opencv_stitching249d.lib opencv_ts249d.lib opencv_video249d.lib opencv_videostab249d.lib opencv_calib3d242d.lib opencv_contrib242d.lib opencv_core242d.lib opencv_features2d242d.lib opencv_flann242d.lib opencv_gpu242d.lib opencv_haartraining_engined.lib opencv_highgui242d.lib opencv_imgproc242d.lib opencv_legacy242d.lib opencv_ml242d.lib opencv_nonfree242d.lib opencv_objdetect242d.lib opencv_photo242d.lib opencv_stitching242d.lib opencv_ts242d.lib opencv_video242d.lib opencv_videostab242d.lib kernel32.lib user32.lib gdi32.lib winspool.lib comdlg32.lib advapi32.lib shell32.lib ole32.lib oleaut32.lib uuid.lib odbc32.lib odbccp32.lib /MANIFEST /ManifestFile:"x64\Debug\OpenCV.exe.intermediate.manifest" /MANIFESTUAC:"level='asInvoker' uiAccess='false'" /DEBUG /PDB:"C:\Users\AhmetPC\Desktop\Gösterilecek Uygulamalar\OpenCV_Aktarim\x64\Debug\OpenCV.pdb" /TLBID:1 /DYNAMICBASE /NXCOMPAT /IMPLIB:"C:\Users\AhmetPC\Desktop\Gösterilecek Uygulamalar\OpenCV_Aktarim\x64\Debug\OpenCV.lib" /MACHINE:X64 x64\Debug\main.obj
         LINK : C:\Users\AhmetPC\Desktop\Gösterilecek Uygulamalar\OpenCV_Aktarim\x64\Debug\OpenCV.exe not found or not built by the last incremental link; performing full link
         OpenCV.vcxproj -> C:\Users\AhmetPC\Desktop\Gösterilecek Uygulamalar\OpenCV_Aktarim\x64\Debug\OpenCV.exe
       Manifest:
         C:\Program Files (x86)\Microsoft SDKs\Windows\v7.0A\bin\mt.exe /nologo /verbose /outputresource:"C:\Users\AhmetPC\Desktop\Gösterilecek Uygulamalar\OpenCV_Aktarim\x64\Debug\OpenCV.exe;#1" /manifest x64\Debug\OpenCV.exe.intermediate.manifest
       FinalizeBuildStatus:
         Deleting file "x64\Debug\OpenCV.unsuccessfulbuild".
         Touching "x64\Debug\OpenCV.lastbuildstate".
     1>Done Building Project "C:\Users\AhmetPC\Desktop\Gösterilecek Uygulamalar\OpenCV_Aktarim\OpenCV\OpenCV.vcxproj" (build target(s)).

Build succeeded.

Time Elapsed 00:00:02.80
